<?xml version="1.0" encoding="UTF-8"?>
<!-- Generated by org.testng.reporters.JUnitReportReporter -->
<testsuite hostname="LAPTOP-JQOI9LVH" failures="0" tests="1" name="testCases.TC_001InvalidTestHomepage" time="12.467" errors="0" timestamp="2023-06-28T15:45:23 IST" skipped="0">
  <testcase classname="testCases.TC_001InvalidTestHomepage" name="login_In_With_Valid_Email_And_Password" time="12.467"/>
  <system-out/>
</testsuite> <!-- testCases.TC_001InvalidTestHomepage -->
