<?xml version="1.0" encoding="UTF-8"?>
<!-- Generated by org.testng.reporters.JUnitReportReporter -->
<testsuite hostname="LAPTOP-JQOI9LVH" failures="0" tests="1" name="testCases.TC_001TestHomepage" time="13.794" errors="0" timestamp="2023-06-29T12:40:46 IST" skipped="0">
  <testcase classname="testCases.TC_001TestHomepage" name="login_In_With_Valid_Email_And_Password" time="13.794"/>
</testsuite> <!-- testCases.TC_001TestHomepage -->
